<?xml version="1.0" encoding="UTF-8"?>

<testsuite name="test.info.tiefenauer.gdas3.SpreadsheetTest" tests="3" failures="0" errors="0" skipped="0" time="0.009" hostname="AL-W138" timestamp="2014-04-11T06:39:17">
  <testcase classname="test.info.tiefenauer.gdas3::SpreadsheetTest" name="testDefaults" time="0.007"/>
  <testcase classname="test.info.tiefenauer.gdas3::SpreadsheetTest" name="testFromXML" time="0.001"/>
  <testcase classname="test.info.tiefenauer.gdas3::SpreadsheetTest" name="testToXML" time="0.001"/>
</testsuite>
