<?xml version="1.0" encoding="UTF-8"?>

<testsuite name="test.info.tiefenauer.gdas3.SpreadsheetServiceTest" tests="1" failures="1" errors="0" skipped="0" time="2.207" hostname="AL-W138" timestamp="2014-04-11T06:39:17">
  <testcase classname="test.info.tiefenauer.gdas3::SpreadsheetServiceTest" name="testGetSpreadsheetList" time="2.207">
    <failure message="Timeout Occurred before expected event" type="test.info.tiefenauer.gdas3::SpreadsheetServiceTest.testGetSpreadsheetList"><![CDATA[Error: Timeout Occurred before expected event
	at org.flexunit.internals.runners.statements::ExpectAsync/handleAsyncTimeOut()[D:\workspaces\flex\projects\flexunit3\FlexUnit4\src\org\flexunit\internals\runners\statements\ExpectAsync.as:319]
	at flash.events::EventDispatcher/dispatchEventFunction()
	at flash.events::EventDispatcher/dispatchEvent()
	at org.flexunit.async::AsyncHandler/handleTimeout()[D:\workspaces\flex\projects\flexunit3\FlexUnit4\src\org\flexunit\async\AsyncHandler.as:169]
	at flash.events::EventDispatcher/dispatchEventFunction()
	at flash.events::EventDispatcher/dispatchEvent()
	at flash.utils::Timer/tick()]]></failure>
  </testcase>
</testsuite>
