<?xml version="1.0" encoding="UTF-8"?>

<testsuite name="test.info.tiefenauer.jasskass.app.models.vo.SettingTest" tests="3" failures="0" errors="0" skipped="0" time="0.007" hostname="AL-W138" timestamp="2014-04-11T06:39:17">
  <testcase classname="test.info.tiefenauer.jasskass.app.models.vo::SettingTest" name="testDefaults" time="0.006"/>
  <testcase classname="test.info.tiefenauer.jasskass.app.models.vo::SettingTest" name="testFromXML" time="0.000"/>
  <testcase classname="test.info.tiefenauer.jasskass.app.models.vo::SettingTest" name="testToXML" time="0.001"/>
</testsuite>
