<?xml version="1.0" encoding="UTF-8"?>

<testsuite name="test.info.tiefenauer.jasskass.app.models.FileServiceTest" tests="2" failures="0" errors="0" skipped="0" time="0.009" hostname="AL-W138" timestamp="2014-04-11T06:39:17">
  <testcase classname="test.info.tiefenauer.jasskass.app.models::FileServiceTest" name="testDefaults" time="0.006"/>
  <testcase classname="test.info.tiefenauer.jasskass.app.models::FileServiceTest" name="testGetterSetter" time="0.003"/>
</testsuite>
