<?xml version="1.0" encoding="UTF-8"?>

<testsuite name="test.info.tiefenauer.jasskass.app.models.vo.AppConfigurationTest" tests="3" failures="0" errors="0" skipped="0" time="0.002" hostname="AL-W138" timestamp="2014-04-11T06:39:17">
  <testcase classname="test.info.tiefenauer.jasskass.app.models.vo::AppConfigurationTest" name="testDefaults" time="0.001"/>
  <testcase classname="test.info.tiefenauer.jasskass.app.models.vo::AppConfigurationTest" name="testFromXML" time="0.000"/>
  <testcase classname="test.info.tiefenauer.jasskass.app.models.vo::AppConfigurationTest" name="testToXML" time="0.001"/>
</testsuite>
