<?xml version="1.0" encoding="UTF-8"?>

<testsuite name="test.info.tiefenauer.gdas3.SpreadsheetAuthorTest" tests="4" failures="0" errors="0" skipped="0" time="0.023" hostname="AL-W138" timestamp="2014-04-11T06:39:14">
  <testcase classname="test.info.tiefenauer.gdas3::SpreadsheetAuthorTest" name="testFromXML" time="0.021"/>
  <testcase classname="test.info.tiefenauer.gdas3::SpreadsheetAuthorTest" name="testDefaults" time="0.001"/>
  <testcase classname="test.info.tiefenauer.gdas3::SpreadsheetAuthorTest" name="testAttributes" time="0.000"/>
  <testcase classname="test.info.tiefenauer.gdas3::SpreadsheetAuthorTest" name="testToXML" time="0.001"/>
</testsuite>
