<?xml version="1.0" encoding="UTF-8"?>

<testsuite name="test.info.tiefenauer.gdas3.SpreadsheetCategoryTest" tests="4" failures="0" errors="0" skipped="0" time="0.020" hostname="AL-W138" timestamp="2014-04-11T06:39:14">
  <testcase classname="test.info.tiefenauer.gdas3::SpreadsheetCategoryTest" name="testFromXML" time="0.002"/>
  <testcase classname="test.info.tiefenauer.gdas3::SpreadsheetCategoryTest" name="testDefaults" time="0.017"/>
  <testcase classname="test.info.tiefenauer.gdas3::SpreadsheetCategoryTest" name="testAttributes" time="0.000"/>
  <testcase classname="test.info.tiefenauer.gdas3::SpreadsheetCategoryTest" name="testToXML" time="0.001"/>
</testsuite>
