<?xml version="1.0" encoding="UTF-8"?>

<testsuite name="test.info.tiefenauer.jasskass.app.controllers.LoadAppConfigurationTest" tests="1" failures="0" errors="1" skipped="0" time="0.015" hostname="AL-W138" timestamp="2014-04-11T06:39:14">
  <testcase classname="test.info.tiefenauer.jasskass.app.controllers::LoadAppConfigurationTest" name="testCommand" time="0.015">
    <error message="No file specified!" type="test.info.tiefenauer.jasskass.app.controllers::LoadAppConfigurationTest.testCommand"><![CDATA[Error: No file specified!
	at info.tiefenauer.jasskass.app.model::TextFileService/read()[D:\workspaces\flex\projects\JassKass\src\main\actionscript\info\tiefenauer\jasskass\app\model\TextFileService.as:37]
	at info.tiefenauer.jasskass.app.controller.startup::LoadAppConfiguration/execute()[D:\workspaces\flex\projects\JassKass\src\main\actionscript\info\tiefenauer\jasskass\app\controller\startup\LoadAppConfiguration.as:26]
	at test.info.tiefenauer.jasskass.app.controllers::LoadAppConfigurationTest/testCommand()[D:\workspaces\flex\projects\JassKass\src\test\actionscript\test\info\tiefenauer\jasskass\app\controllers\LoadAppConfigurationTest.as:54]
	at Function/http://adobe.com/AS3/2006/builtin::apply()
	at flex.lang.reflect::Method/apply()[D:\workspaces\flex\projects\flexunit3\FlexUnit4\src\flex\lang\reflect\Method.as:244]
	at org.flexunit.runners.model::FrameworkMethod/invokeExplosively()[D:\workspaces\flex\projects\flexunit3\FlexUnit4\src\org\flexunit\runners\model\FrameworkMethod.as:201]
	at org.flexunit.internals.runners.statements::InvokeMethod/evaluate()[D:\workspaces\flex\projects\flexunit3\FlexUnit4\src\org\flexunit\internals\runners\statements\InvokeMethod.as:72]
	at org.flexunit.internals.runners.statements::RunBeforesInline/handleSequenceExecuteComplete()[D:\workspaces\flex\projects\flexunit3\FlexUnit4\src\org\flexunit\internals\runners\statements\RunBeforesInline.as:112]
	at org.flexunit.token::AsyncTestToken/sendResult()[D:\workspaces\flex\projects\flexunit3\FlexUnit4\src\org\flexunit\token\AsyncTestToken.as:107]
	at org.flexunit.internals.runners.statements::AsyncStatementBase/sendComplete()[D:\workspaces\flex\projects\flexunit3\FlexUnit4\src\org\flexunit\internals\runners\statements\AsyncStatementBase.as:76]
	at org.flexunit.internals.runners.statements::StatementSequencer/sendComplete()[D:\workspaces\flex\projects\flexunit3\FlexUnit4\src\org\flexunit\internals\runners\statements\StatementSequencer.as:172]
	at org.flexunit.internals.runners.statements::StatementSequencer/handleChildExecuteComplete()[D:\workspaces\flex\projects\flexunit3\FlexUnit4\src\org\flexunit\internals\runners\statements\StatementSequencer.as:145]
	at org.flexunit.token::AsyncTestToken/sendResult()[D:\workspaces\flex\projects\flexunit3\FlexUnit4\src\org\flexunit\token\AsyncTestToken.as:107]
	at org.flexunit.internals.runners.statements::InvokeMethod/evaluate()[D:\workspaces\flex\projects\flexunit3\FlexUnit4\src\org\flexunit\internals\runners\statements\InvokeMethod.as:73]
	at org.flexunit.internals.runners.statements::SequencerWithDecoration/executeStep()[D:\workspaces\flex\projects\flexunit3\FlexUnit4\src\org\flexunit\internals\runners\statements\SequencerWithDecoration.as:100]
	at org.flexunit.internals.runners.statements::StatementSequencer/handleChildExecuteComplete()[D:\workspaces\flex\projects\flexunit3\FlexUnit4\src\org\flexunit\internals\runners\statements\StatementSequencer.as:141]
	at org.flexunit.internals.runners.statements::StatementSequencer/evaluate()[D:\workspaces\flex\projects\flexunit3\FlexUnit4\src\org\flexunit\internals\runners\statements\StatementSequencer.as:109]
	at org.flexunit.internals.runners.statements::RunBeforesInline/evaluate()[D:\workspaces\flex\projects\flexunit3\FlexUnit4\src\org\flexunit\internals\runners\statements\RunBeforesInline.as:97]
	at org.flexunit.internals.runners.statements::RunAftersInline/evaluate()[D:\workspaces\flex\projects\flexunit3\FlexUnit4\src\org\flexunit\internals\runners\statements\RunAftersInline.as:104]
	at org.flexunit.internals.runners.statements::StackAndFrameManagement/handleTimerComplete()[D:\workspaces\flex\projects\flexunit3\FlexUnit4\src\org\flexunit\internals\runners\statements\StackAndFrameManagement.as:138]
	at flash.events::EventDispatcher/dispatchEventFunction()
	at flash.events::EventDispatcher/dispatchEvent()
	at flash.utils::Timer/tick()]]></error>
  </testcase>
</testsuite>
